[DEBUG] 2026-01-27 01:09:09 - oauth_debug - 游댯 Request path: /accounts/google/login/callback/
[DEBUG] 2026-01-27 01:09:09 - oauth_debug - 游댯 Full URL: http://127.0.0.1:8000/accounts/google/login/callback/?code=4%2F0ASc3gC0-H0aJn9bSbBCMi6q-fYKd5eJWmLFCt7uZDNgOLguEZkXvnn7Y_4dNkmr8Qq2ucw&scope=email+profile+https%3A%2F%2Fwww.googleapis.com%2Fauth%2Fuserinfo.profile+https%3A%2F%2Fwww.googleapis.com%2Fauth%2Fuserinfo.email+openid&authuser=0&prompt=consent
[DEBUG] 2026-01-27 01:09:09 - oauth_debug - 游댯 Method: GET
[DEBUG] 2026-01-27 01:09:09 - oauth_debug - 游댯 GET params: {'code': '4/0ASc3gC0-H0aJn9bSbBCMi6q-fYKd5eJWmLFCt7uZDNgOLguEZkXvnn7Y_4dNkmr8Qq2ucw', 'scope': 'email profile https://www.googleapis.com/auth/userinfo.profile https://www.googleapis.com/auth/userinfo.email openid', 'authuser': '0', 'prompt': 'consent'}
[DEBUG] 2026-01-27 01:09:09 - oauth_debug - 游댯 Headers: {'Content-Length': '', 'Content-Type': 'text/plain', 'Host': '127.0.0.1:8000', 'Connection': 'keep-alive', 'Cache-Control': 'max-age=0', 'Sec-Ch-Ua': '"Chromium";v="128", "Not;A=Brand";v="24", "Google Chrome";v="128"', 'Sec-Ch-Ua-Mobile': '?0', 'Sec-Ch-Ua-Platform': '"macOS"', 'Upgrade-Insecure-Requests': '1', 'User-Agent': 'Mozilla/5.0 (Macintosh; Intel Mac OS X 10_15_7) AppleWebKit/537.36 (KHTML, like Gecko) Chrome/128.0.0.0 Safari/537.36', 'Accept': 'text/html,application/xhtml+xml,application/xml;q=0.9,image/avif,image/webp,image/apng,*/*;q=0.8,application/signed-exchange;v=b3;q=0.7', 'Sec-Fetch-Site': 'cross-site', 'Sec-Fetch-Mode': 'navigate', 'Sec-Fetch-User': '?1', 'Sec-Fetch-Dest': 'document', 'Referer': 'https://accounts.google.com/', 'Accept-Encoding': 'gzip, deflate, br, zstd', 'Accept-Language': 'en-GB,en-US;q=0.9,en;q=0.8,bs;q=0.7,sr;q=0.6', 'Cookie': 'csrftoken=JcwA6H6hRS5Oz2UN12cUBTk0NhfGPOZo; sessionid=gwdy500by0227nj2e7ajlb20qogl1e69'}
[DEBUG] 2026-01-27 01:09:09 - oauth_debug - 游릭 Response status: 401
[DEBUG] 2026-01-27 01:09:52 - oauth_debug - 游댯 REQUEST - Path: /accounts/google/login/callback/
[DEBUG] 2026-01-27 01:09:52 - oauth_debug - 游댯 REQUEST - Full URL: http://127.0.0.1:8000/accounts/google/login/callback/?code=4%2F0ASc3gC0-H0aJn9bSbBCMi6q-fYKd5eJWmLFCt7uZDNgOLguEZkXvnn7Y_4dNkmr8Qq2ucw&scope=email+profile+https%3A%2F%2Fwww.googleapis.com%2Fauth%2Fuserinfo.profile+https%3A%2F%2Fwww.googleapis.com%2Fauth%2Fuserinfo.email+openid&authuser=0&prompt=consent
[DEBUG] 2026-01-27 01:09:52 - oauth_debug - 游댯 REQUEST - Method: GET
[DEBUG] 2026-01-27 01:09:52 - oauth_debug - 游댯 REQUEST - GET params: {'code': '4/0ASc3gC0-H0aJn9bSbBCMi6q-fYKd5eJWmLFCt7uZDNgOLguEZkXvnn7Y_4dNkmr8Qq2ucw', 'scope': 'email profile https://www.googleapis.com/auth/userinfo.profile https://www.googleapis.com/auth/userinfo.email openid', 'authuser': '0', 'prompt': 'consent'}
[DEBUG] 2026-01-27 01:09:52 - oauth_debug - 游릭 RESPONSE - Status: 401
[DEBUG] 2026-01-27 01:09:52 - oauth_debug - 游릭 RESPONSE - Content: b'\n<!DOCTYPE html>\n<html>\n    <head>\n        <meta http-equiv="X-UA-Compatible" content="IE=edge">\n        <meta name="viewport" content="width=device-width, initial-scale=1.0">\n        <title>\n        '
[DEBUG] 2026-01-27 01:10:02 - oauth_debug - 游댯 REQUEST - Path: /accounts/google/login/callback/
[DEBUG] 2026-01-27 01:10:02 - oauth_debug - 游댯 REQUEST - Full URL: http://127.0.0.1:8000/accounts/google/login/callback/?code=4%2F0ASc3gC0-H0aJn9bSbBCMi6q-fYKd5eJWmLFCt7uZDNgOLguEZkXvnn7Y_4dNkmr8Qq2ucw&scope=email+profile+https%3A%2F%2Fwww.googleapis.com%2Fauth%2Fuserinfo.profile+https%3A%2F%2Fwww.googleapis.com%2Fauth%2Fuserinfo.email+openid&authuser=0&prompt=consent
[DEBUG] 2026-01-27 01:10:02 - oauth_debug - 游댯 REQUEST - Method: GET
[DEBUG] 2026-01-27 01:10:02 - oauth_debug - 游댯 REQUEST - GET params: {'code': '4/0ASc3gC0-H0aJn9bSbBCMi6q-fYKd5eJWmLFCt7uZDNgOLguEZkXvnn7Y_4dNkmr8Qq2ucw', 'scope': 'email profile https://www.googleapis.com/auth/userinfo.profile https://www.googleapis.com/auth/userinfo.email openid', 'authuser': '0', 'prompt': 'consent'}
[DEBUG] 2026-01-27 01:10:02 - oauth_debug - 游릭 RESPONSE - Status: 401
[DEBUG] 2026-01-27 01:10:02 - oauth_debug - 游릭 RESPONSE - Content: b'\n<!DOCTYPE html>\n<html>\n    <head>\n        <meta http-equiv="X-UA-Compatible" content="IE=edge">\n        <meta name="viewport" content="width=device-width, initial-scale=1.0">\n        <title>\n        '
[DEBUG] 2026-01-27 01:13:10 - oauth_debug - 游댯 CALLBACK TRIGGERED
[DEBUG] 2026-01-27 01:13:10 - oauth_debug - 游댯 Code from Google: 4/0ASc3gC0-H0aJn9bSbBCMi6q-fYKd5eJWmLFCt7uZDNgOLguEZkXvnn7Y_4dNkmr8Qq2ucw
[DEBUG] 2026-01-27 01:13:10 - oauth_debug - 游댯 User: branko
[DEBUG] 2026-01-27 01:13:10 - oauth_debug - 游댯 Session: gwdy500by0227nj2e7ajlb20qogl1e69
[DEBUG] 2026-01-27 01:13:10 - oauth_debug - 游릭 Callback Response: 401
[DEBUG] 2026-01-27 01:14:28 - oauth_debug - 游댯 CALLBACK TRIGGERED
[DEBUG] 2026-01-27 01:14:28 - oauth_debug - 游댯 Code from Google: 4/0ASc3gC0-H0aJn9bSbBCMi6q-fYKd5eJWmLFCt7uZDNgOLguEZkXvnn7Y_4dNkmr8Qq2ucw
[DEBUG] 2026-01-27 01:14:28 - oauth_debug - 游댯 User: branko
[DEBUG] 2026-01-27 01:14:28 - oauth_debug - 游댯 Session: gwdy500by0227nj2e7ajlb20qogl1e69
[DEBUG] 2026-01-27 01:14:28 - oauth_debug - 游릭 Callback Response: 401
[DEBUG] 2026-01-27 01:17:26 - oauth_debug - 游댯 CALLBACK TRIGGERED
[DEBUG] 2026-01-27 01:17:26 - oauth_debug - 游댯 Code from Google: 4/0ASc3gC0-H0aJn9bSbBCMi6q-fYKd5eJWmLFCt7uZDNgOLguEZkXvnn7Y_4dNkmr8Qq2ucw
[DEBUG] 2026-01-27 01:17:26 - oauth_debug - 游댯 User: branko
[DEBUG] 2026-01-27 01:17:26 - oauth_debug - 游댯 Session: gwdy500by0227nj2e7ajlb20qogl1e69
[DEBUG] 2026-01-27 01:17:26 - allauth - 游댯 ALLAUTH CALLBACK START
[ERROR] 2026-01-27 01:17:26 - oauth_debug - 游댮 EXCEPTION in google callback!
[ERROR] 2026-01-27 01:17:26 - oauth_debug - 游댮 Exception type: AttributeError
[ERROR] 2026-01-27 01:17:26 - oauth_debug - 游댮 Exception message: 'OAuth2CallbackView' object has no attribute 'provider_id'
[ERROR] 2026-01-27 01:17:26 - oauth_debug - 游댮 Traceback: Traceback (most recent call last):
  File "/Users/branko/Desktop/barter_app/.venv/lib/python3.12/site-packages/django/core/handlers/base.py", line 197, in _get_response
    response = wrapped_callback(request, *callback_args, **callback_kwargs)
               ^^^^^^^^^^^^^^^^^^^^^^^^^^^^^^^^^^^^^^^^^^^^^^^^^^^^^^^^^^^^
  File "/Users/branko/Desktop/barter_app/.venv/lib/python3.12/site-packages/allauth/socialaccount/providers/oauth2/views.py", line 102, in view
    return self.dispatch(request, *args, **kwargs)
           ^^^^^^^^^^^^^^^^^^^^^^^^^^^^^^^^^^^^^^^
  File "/Users/branko/Desktop/barter_app/core/views.py", line 1157, in debug_callback
    logger.debug(f"游댯 Provider: {self.provider_id}")
                                ^^^^^^^^^^^^^^^^
AttributeError: 'OAuth2CallbackView' object has no attribute 'provider_id'

[DEBUG] 2026-01-27 01:17:26 - oauth_debug - 游릭 Callback Response: 500
[DEBUG] 2026-01-27 01:20:21 - oauth_debug - 游댯 CALLBACK TRIGGERED
[DEBUG] 2026-01-27 01:20:21 - oauth_debug - 游댯 Code from Google: 4/0ASc3gC0-H0aJn9bSbBCMi6q-fYKd5eJWmLFCt7uZDNgOLguEZkXvnn7Y_4dNkmr8Qq2ucw
[DEBUG] 2026-01-27 01:20:21 - oauth_debug - 游댯 User: branko
[DEBUG] 2026-01-27 01:20:21 - oauth_debug - 游댯 Session: gwdy500by0227nj2e7ajlb20qogl1e69
[DEBUG] 2026-01-27 01:20:21 - allauth - 游댯 ALLAUTH CALLBACK START
[ERROR] 2026-01-27 01:20:21 - oauth_debug - 游댮 EXCEPTION in google callback!
[ERROR] 2026-01-27 01:20:21 - oauth_debug - 游댮 Exception type: AttributeError
[ERROR] 2026-01-27 01:20:21 - oauth_debug - 游댮 Exception message: 'OAuth2CallbackView' object has no attribute 'provider_id'
[ERROR] 2026-01-27 01:20:21 - oauth_debug - 游댮 Traceback: Traceback (most recent call last):
  File "/Users/branko/Desktop/barter_app/.venv/lib/python3.12/site-packages/django/core/handlers/base.py", line 197, in _get_response
    response = wrapped_callback(request, *callback_args, **callback_kwargs)
               ^^^^^^^^^^^^^^^^^^^^^^^^^^^^^^^^^^^^^^^^^^^^^^^^^^^^^^^^^^^^
  File "/Users/branko/Desktop/barter_app/.venv/lib/python3.12/site-packages/allauth/socialaccount/providers/oauth2/views.py", line 102, in view
    return self.dispatch(request, *args, **kwargs)
           ^^^^^^^^^^^^^^^^^^^^^^^^^^^^^^^^^^^^^^^
  File "/Users/branko/Desktop/barter_app/core/views.py", line 1157, in debug_callback
    logger.debug(f"游댯 Provider: {self.provider_id}")
                                ^^^^^^^^^^^^^^^^
AttributeError: 'OAuth2CallbackView' object has no attribute 'provider_id'

[DEBUG] 2026-01-27 01:20:21 - oauth_debug - 游릭 Callback Response: 500
[DEBUG] 2026-01-27 01:20:22 - oauth_debug - 游댯 CALLBACK TRIGGERED
[DEBUG] 2026-01-27 01:20:22 - oauth_debug - 游댯 Code from Google: 4/0ASc3gC0-H0aJn9bSbBCMi6q-fYKd5eJWmLFCt7uZDNgOLguEZkXvnn7Y_4dNkmr8Qq2ucw
[DEBUG] 2026-01-27 01:20:22 - oauth_debug - 游댯 User: branko
[DEBUG] 2026-01-27 01:20:22 - oauth_debug - 游댯 Session: gwdy500by0227nj2e7ajlb20qogl1e69
[DEBUG] 2026-01-27 01:20:22 - allauth - 游댯 ALLAUTH CALLBACK START
[ERROR] 2026-01-27 01:20:22 - oauth_debug - 游댮 EXCEPTION in google callback!
[ERROR] 2026-01-27 01:20:22 - oauth_debug - 游댮 Exception type: AttributeError
[ERROR] 2026-01-27 01:20:22 - oauth_debug - 游댮 Exception message: 'OAuth2CallbackView' object has no attribute 'provider_id'
[ERROR] 2026-01-27 01:20:22 - oauth_debug - 游댮 Traceback: Traceback (most recent call last):
  File "/Users/branko/Desktop/barter_app/.venv/lib/python3.12/site-packages/django/core/handlers/base.py", line 197, in _get_response
    response = wrapped_callback(request, *callback_args, **callback_kwargs)
               ^^^^^^^^^^^^^^^^^^^^^^^^^^^^^^^^^^^^^^^^^^^^^^^^^^^^^^^^^^^^
  File "/Users/branko/Desktop/barter_app/.venv/lib/python3.12/site-packages/allauth/socialaccount/providers/oauth2/views.py", line 102, in view
    return self.dispatch(request, *args, **kwargs)
           ^^^^^^^^^^^^^^^^^^^^^^^^^^^^^^^^^^^^^^^
  File "/Users/branko/Desktop/barter_app/core/views.py", line 1157, in debug_callback
    logger.debug(f"游댯 Provider: {self.provider_id}")
                                ^^^^^^^^^^^^^^^^
AttributeError: 'OAuth2CallbackView' object has no attribute 'provider_id'

[DEBUG] 2026-01-27 01:20:23 - oauth_debug - 游릭 Callback Response: 500
[DEBUG] 2026-01-27 01:24:54 - oauth_debug - 游댯 CALLBACK TRIGGERED
[DEBUG] 2026-01-27 01:24:54 - oauth_debug - 游댯 Code from Google: 4/0ASc3gC0-H0aJn9bSbBCMi6q-fYKd5eJWmLFCt7uZDNgOLguEZkXvnn7Y_4dNkmr8Qq2ucw
[DEBUG] 2026-01-27 01:24:54 - oauth_debug - 游댯 User: branko
[DEBUG] 2026-01-27 01:24:54 - oauth_debug - 游댯 Session: gwdy500by0227nj2e7ajlb20qogl1e69
[DEBUG] 2026-01-27 01:24:54 - oauth_debug - 游릭 Callback Response: 401
[DEBUG] 2026-01-27 01:30:30 - oauth_debug - 游댯 CALLBACK TRIGGERED
[DEBUG] 2026-01-27 01:30:30 - oauth_debug - 游댯 Code from Google: 4/0ASc3gC0-H0aJn9bSbBCMi6q-fYKd5eJWmLFCt7uZDNgOLguEZkXvnn7Y_4dNkmr8Qq2ucw
[DEBUG] 2026-01-27 01:30:30 - oauth_debug - 游댯 User: branko
[DEBUG] 2026-01-27 01:30:30 - oauth_debug - 游댯 Session: gwdy500by0227nj2e7ajlb20qogl1e69
[DEBUG] 2026-01-27 01:30:30 - oauth_debug - 游릭 Callback Response: 401
[DEBUG] 2026-01-27 01:30:31 - oauth_debug - 游댯 CALLBACK TRIGGERED
[DEBUG] 2026-01-27 01:30:31 - oauth_debug - 游댯 Code from Google: 4/0ASc3gC0-H0aJn9bSbBCMi6q-fYKd5eJWmLFCt7uZDNgOLguEZkXvnn7Y_4dNkmr8Qq2ucw
[DEBUG] 2026-01-27 01:30:31 - oauth_debug - 游댯 User: branko
[DEBUG] 2026-01-27 01:30:31 - oauth_debug - 游댯 Session: gwdy500by0227nj2e7ajlb20qogl1e69
[DEBUG] 2026-01-27 01:30:31 - oauth_debug - 游릭 Callback Response: 401
[DEBUG] 2026-01-27 01:33:59 - oauth_debug - 游댯 CALLBACK TRIGGERED
[DEBUG] 2026-01-27 01:33:59 - oauth_debug - 游댯 Code from Google: 4/0ASc3gC0-H0aJn9bSbBCMi6q-fYKd5eJWmLFCt7uZDNgOLguEZkXvnn7Y_4dNkmr8Qq2ucw
[DEBUG] 2026-01-27 01:33:59 - oauth_debug - 游댯 User: branko
[DEBUG] 2026-01-27 01:33:59 - oauth_debug - 游댯 Session: gwdy500by0227nj2e7ajlb20qogl1e69
[DEBUG] 2026-01-27 01:33:59 - oauth_debug - 游릭 Callback Response: 401
[DEBUG] 2026-01-27 01:34:00 - oauth_debug - 游댯 CALLBACK TRIGGERED
[DEBUG] 2026-01-27 01:34:00 - oauth_debug - 游댯 Code from Google: 4/0ASc3gC0-H0aJn9bSbBCMi6q-fYKd5eJWmLFCt7uZDNgOLguEZkXvnn7Y_4dNkmr8Qq2ucw
[DEBUG] 2026-01-27 01:34:00 - oauth_debug - 游댯 User: branko
[DEBUG] 2026-01-27 01:34:00 - oauth_debug - 游댯 Session: gwdy500by0227nj2e7ajlb20qogl1e69
[DEBUG] 2026-01-27 01:34:00 - oauth_debug - 游릭 Callback Response: 401
[ERROR] 2026-01-27 01:48:58 - oauth_debug - 游댮 EXCEPTION in google callback!
[ERROR] 2026-01-27 01:48:58 - oauth_debug - 游댮 Exception type: MultipleObjectsReturned
[ERROR] 2026-01-27 01:48:58 - oauth_debug - 游댮 Exception message: 
[ERROR] 2026-01-27 01:48:58 - oauth_debug - 游댮 Traceback: Traceback (most recent call last):
  File "/Users/branko/Desktop/barter_app/.venv/lib/python3.12/site-packages/django/core/handlers/base.py", line 197, in _get_response
    response = wrapped_callback(request, *callback_args, **callback_kwargs)
               ^^^^^^^^^^^^^^^^^^^^^^^^^^^^^^^^^^^^^^^^^^^^^^^^^^^^^^^^^^^^
  File "/Users/branko/Desktop/barter_app/.venv/lib/python3.12/site-packages/allauth/socialaccount/providers/oauth2/views.py", line 102, in view
    return self.dispatch(request, *args, **kwargs)
           ^^^^^^^^^^^^^^^^^^^^^^^^^^^^^^^^^^^^^^^
  File "/Users/branko/Desktop/barter_app/.venv/lib/python3.12/site-packages/allauth/socialaccount/providers/base/views.py", line 15, in dispatch
    provider = self.get_provider()
               ^^^^^^^^^^^^^^^^^^^
  File "/Users/branko/Desktop/barter_app/.venv/lib/python3.12/site-packages/allauth/socialaccount/providers/oauth2/views.py", line 111, in get_provider
    return self.adapter.get_provider()
           ^^^^^^^^^^^^^^^^^^^^^^^^^^^
  File "/Users/branko/Desktop/barter_app/.venv/lib/python3.12/site-packages/allauth/socialaccount/providers/oauth2/views.py", line 45, in get_provider
    return get_adapter(self.request).get_provider(
           ^^^^^^^^^^^^^^^^^^^^^^^^^^^^^^^^^^^^^^^
  File "/Users/branko/Desktop/barter_app/.venv/lib/python3.12/site-packages/allauth/socialaccount/adapter.py", line 212, in get_provider
    app = self.get_app(request, provider=provider, client_id=client_id)
          ^^^^^^^^^^^^^^^^^^^^^^^^^^^^^^^^^^^^^^^^^^^^^^^^^^^^^^^^^^^^^
  File "/Users/branko/Desktop/barter_app/.venv/lib/python3.12/site-packages/allauth/socialaccount/adapter.py", line 299, in get_app
    raise MultipleObjectsReturned
django.core.exceptions.MultipleObjectsReturned

[DEBUG] 2026-01-27 01:55:45 - oauth_debug - 游댯 CALLBACK TRIGGERED
[DEBUG] 2026-01-27 01:55:45 - oauth_debug - 游댯 Code from Google: 4/0ASc3gC3lnLy7kimMCe9xGzyZht8fvsDiekZFtL3o2N0r61rT6pURUB_7e_tR8JDcgzxZhA
[DEBUG] 2026-01-27 01:55:45 - oauth_debug - 游댯 User: AnonymousUser
[DEBUG] 2026-01-27 01:55:45 - oauth_debug - 游댯 Session: None
[DEBUG] 2026-01-27 01:55:45 - oauth_debug - 游릭 Callback Response: 401
[DEBUG] 2026-01-27 02:07:04 - oauth_debug - 游댯 CALLBACK TRIGGERED
[DEBUG] 2026-01-27 02:07:04 - oauth_debug - 游댯 Code from Google: 4/0ASc3gC3lnLy7kimMCe9xGzyZht8fvsDiekZFtL3o2N0r61rT6pURUB_7e_tR8JDcgzxZhA
[DEBUG] 2026-01-27 02:07:04 - oauth_debug - 游댯 User: AnonymousUser
[DEBUG] 2026-01-27 02:07:04 - oauth_debug - 游댯 Session: None
[DEBUG] 2026-01-27 02:07:04 - oauth_debug - 游릭 Callback Response: 401
[DEBUG] 2026-01-27 02:07:35 - oauth_debug - 游댯 CALLBACK TRIGGERED
[DEBUG] 2026-01-27 02:07:35 - oauth_debug - 游댯 Code from Google: 4/0ASc3gC3lnLy7kimMCe9xGzyZht8fvsDiekZFtL3o2N0r61rT6pURUB_7e_tR8JDcgzxZhA
[DEBUG] 2026-01-27 02:07:35 - oauth_debug - 游댯 User: AnonymousUser
[DEBUG] 2026-01-27 02:07:35 - oauth_debug - 游댯 Session: None
[DEBUG] 2026-01-27 02:07:35 - oauth_debug - 游릭 Callback Response: 401
[ERROR] 2026-01-27 02:10:51 - oauth_debug - 游댮 EXCEPTION in google callback!
[ERROR] 2026-01-27 02:10:51 - oauth_debug - 游댮 Exception type: MultipleObjectsReturned
[ERROR] 2026-01-27 02:10:51 - oauth_debug - 游댮 Exception message: 
[ERROR] 2026-01-27 02:10:51 - oauth_debug - 游댮 Traceback: Traceback (most recent call last):
  File "/Users/branko/Desktop/barter_app/.venv/lib/python3.12/site-packages/django/core/handlers/base.py", line 197, in _get_response
    response = wrapped_callback(request, *callback_args, **callback_kwargs)
               ^^^^^^^^^^^^^^^^^^^^^^^^^^^^^^^^^^^^^^^^^^^^^^^^^^^^^^^^^^^^
  File "/Users/branko/Desktop/barter_app/.venv/lib/python3.12/site-packages/allauth/socialaccount/providers/oauth2/views.py", line 102, in view
    return self.dispatch(request, *args, **kwargs)
           ^^^^^^^^^^^^^^^^^^^^^^^^^^^^^^^^^^^^^^^
  File "/Users/branko/Desktop/barter_app/.venv/lib/python3.12/site-packages/allauth/socialaccount/providers/base/views.py", line 15, in dispatch
    provider = self.get_provider()
               ^^^^^^^^^^^^^^^^^^^
  File "/Users/branko/Desktop/barter_app/.venv/lib/python3.12/site-packages/allauth/socialaccount/providers/oauth2/views.py", line 111, in get_provider
    return self.adapter.get_provider()
           ^^^^^^^^^^^^^^^^^^^^^^^^^^^
  File "/Users/branko/Desktop/barter_app/.venv/lib/python3.12/site-packages/allauth/socialaccount/providers/oauth2/views.py", line 45, in get_provider
    return get_adapter(self.request).get_provider(
           ^^^^^^^^^^^^^^^^^^^^^^^^^^^^^^^^^^^^^^^
  File "/Users/branko/Desktop/barter_app/.venv/lib/python3.12/site-packages/allauth/socialaccount/adapter.py", line 212, in get_provider
    app = self.get_app(request, provider=provider, client_id=client_id)
          ^^^^^^^^^^^^^^^^^^^^^^^^^^^^^^^^^^^^^^^^^^^^^^^^^^^^^^^^^^^^^
  File "/Users/branko/Desktop/barter_app/.venv/lib/python3.12/site-packages/allauth/socialaccount/adapter.py", line 299, in get_app
    raise MultipleObjectsReturned
django.core.exceptions.MultipleObjectsReturned

[ERROR] 2026-01-27 02:10:54 - oauth_debug - 游댮 EXCEPTION in google callback!
[ERROR] 2026-01-27 02:10:54 - oauth_debug - 游댮 Exception type: MultipleObjectsReturned
[ERROR] 2026-01-27 02:10:54 - oauth_debug - 游댮 Exception message: 
[ERROR] 2026-01-27 02:10:54 - oauth_debug - 游댮 Traceback: Traceback (most recent call last):
  File "/Users/branko/Desktop/barter_app/.venv/lib/python3.12/site-packages/django/core/handlers/base.py", line 197, in _get_response
    response = wrapped_callback(request, *callback_args, **callback_kwargs)
               ^^^^^^^^^^^^^^^^^^^^^^^^^^^^^^^^^^^^^^^^^^^^^^^^^^^^^^^^^^^^
  File "/Users/branko/Desktop/barter_app/.venv/lib/python3.12/site-packages/allauth/socialaccount/providers/oauth2/views.py", line 102, in view
    return self.dispatch(request, *args, **kwargs)
           ^^^^^^^^^^^^^^^^^^^^^^^^^^^^^^^^^^^^^^^
  File "/Users/branko/Desktop/barter_app/.venv/lib/python3.12/site-packages/allauth/socialaccount/providers/base/views.py", line 15, in dispatch
    provider = self.get_provider()
               ^^^^^^^^^^^^^^^^^^^
  File "/Users/branko/Desktop/barter_app/.venv/lib/python3.12/site-packages/allauth/socialaccount/providers/oauth2/views.py", line 111, in get_provider
    return self.adapter.get_provider()
           ^^^^^^^^^^^^^^^^^^^^^^^^^^^
  File "/Users/branko/Desktop/barter_app/.venv/lib/python3.12/site-packages/allauth/socialaccount/providers/oauth2/views.py", line 45, in get_provider
    return get_adapter(self.request).get_provider(
           ^^^^^^^^^^^^^^^^^^^^^^^^^^^^^^^^^^^^^^^
  File "/Users/branko/Desktop/barter_app/.venv/lib/python3.12/site-packages/allauth/socialaccount/adapter.py", line 212, in get_provider
    app = self.get_app(request, provider=provider, client_id=client_id)
          ^^^^^^^^^^^^^^^^^^^^^^^^^^^^^^^^^^^^^^^^^^^^^^^^^^^^^^^^^^^^^
  File "/Users/branko/Desktop/barter_app/.venv/lib/python3.12/site-packages/allauth/socialaccount/adapter.py", line 299, in get_app
    raise MultipleObjectsReturned
django.core.exceptions.MultipleObjectsReturned

[ERROR] 2026-01-27 02:11:00 - oauth_debug - 游댮 EXCEPTION in google callback!
[ERROR] 2026-01-27 02:11:00 - oauth_debug - 游댮 Exception type: MultipleObjectsReturned
[ERROR] 2026-01-27 02:11:00 - oauth_debug - 游댮 Exception message: 
[ERROR] 2026-01-27 02:11:00 - oauth_debug - 游댮 Traceback: Traceback (most recent call last):
  File "/Users/branko/Desktop/barter_app/.venv/lib/python3.12/site-packages/django/core/handlers/base.py", line 197, in _get_response
    response = wrapped_callback(request, *callback_args, **callback_kwargs)
               ^^^^^^^^^^^^^^^^^^^^^^^^^^^^^^^^^^^^^^^^^^^^^^^^^^^^^^^^^^^^
  File "/Users/branko/Desktop/barter_app/.venv/lib/python3.12/site-packages/allauth/socialaccount/providers/oauth2/views.py", line 102, in view
    return self.dispatch(request, *args, **kwargs)
           ^^^^^^^^^^^^^^^^^^^^^^^^^^^^^^^^^^^^^^^
  File "/Users/branko/Desktop/barter_app/.venv/lib/python3.12/site-packages/allauth/socialaccount/providers/base/views.py", line 15, in dispatch
    provider = self.get_provider()
               ^^^^^^^^^^^^^^^^^^^
  File "/Users/branko/Desktop/barter_app/.venv/lib/python3.12/site-packages/allauth/socialaccount/providers/oauth2/views.py", line 111, in get_provider
    return self.adapter.get_provider()
           ^^^^^^^^^^^^^^^^^^^^^^^^^^^
  File "/Users/branko/Desktop/barter_app/.venv/lib/python3.12/site-packages/allauth/socialaccount/providers/oauth2/views.py", line 45, in get_provider
    return get_adapter(self.request).get_provider(
           ^^^^^^^^^^^^^^^^^^^^^^^^^^^^^^^^^^^^^^^
  File "/Users/branko/Desktop/barter_app/.venv/lib/python3.12/site-packages/allauth/socialaccount/adapter.py", line 212, in get_provider
    app = self.get_app(request, provider=provider, client_id=client_id)
          ^^^^^^^^^^^^^^^^^^^^^^^^^^^^^^^^^^^^^^^^^^^^^^^^^^^^^^^^^^^^^
  File "/Users/branko/Desktop/barter_app/.venv/lib/python3.12/site-packages/allauth/socialaccount/adapter.py", line 299, in get_app
    raise MultipleObjectsReturned
django.core.exceptions.MultipleObjectsReturned

[ERROR] 2026-01-27 02:12:18 - oauth_debug - 游댮 EXCEPTION in google callback!
[ERROR] 2026-01-27 02:12:18 - oauth_debug - 游댮 Exception type: MultipleObjectsReturned
[ERROR] 2026-01-27 02:12:18 - oauth_debug - 游댮 Exception message: 
[ERROR] 2026-01-27 02:12:18 - oauth_debug - 游댮 Traceback: Traceback (most recent call last):
  File "/Users/branko/Desktop/barter_app/.venv/lib/python3.12/site-packages/django/core/handlers/base.py", line 197, in _get_response
    response = wrapped_callback(request, *callback_args, **callback_kwargs)
               ^^^^^^^^^^^^^^^^^^^^^^^^^^^^^^^^^^^^^^^^^^^^^^^^^^^^^^^^^^^^
  File "/Users/branko/Desktop/barter_app/.venv/lib/python3.12/site-packages/allauth/socialaccount/providers/oauth2/views.py", line 102, in view
    return self.dispatch(request, *args, **kwargs)
           ^^^^^^^^^^^^^^^^^^^^^^^^^^^^^^^^^^^^^^^
  File "/Users/branko/Desktop/barter_app/.venv/lib/python3.12/site-packages/allauth/socialaccount/providers/base/views.py", line 15, in dispatch
    provider = self.get_provider()
               ^^^^^^^^^^^^^^^^^^^
  File "/Users/branko/Desktop/barter_app/.venv/lib/python3.12/site-packages/allauth/socialaccount/providers/oauth2/views.py", line 111, in get_provider
    return self.adapter.get_provider()
           ^^^^^^^^^^^^^^^^^^^^^^^^^^^
  File "/Users/branko/Desktop/barter_app/.venv/lib/python3.12/site-packages/allauth/socialaccount/providers/oauth2/views.py", line 45, in get_provider
    return get_adapter(self.request).get_provider(
           ^^^^^^^^^^^^^^^^^^^^^^^^^^^^^^^^^^^^^^^
  File "/Users/branko/Desktop/barter_app/.venv/lib/python3.12/site-packages/allauth/socialaccount/adapter.py", line 212, in get_provider
    app = self.get_app(request, provider=provider, client_id=client_id)
          ^^^^^^^^^^^^^^^^^^^^^^^^^^^^^^^^^^^^^^^^^^^^^^^^^^^^^^^^^^^^^
  File "/Users/branko/Desktop/barter_app/.venv/lib/python3.12/site-packages/allauth/socialaccount/adapter.py", line 299, in get_app
    raise MultipleObjectsReturned
django.core.exceptions.MultipleObjectsReturned

[ERROR] 2026-01-27 02:12:19 - oauth_debug - 游댮 EXCEPTION in google callback!
[ERROR] 2026-01-27 02:12:19 - oauth_debug - 游댮 Exception type: MultipleObjectsReturned
[ERROR] 2026-01-27 02:12:19 - oauth_debug - 游댮 Exception message: 
[ERROR] 2026-01-27 02:12:19 - oauth_debug - 游댮 Traceback: Traceback (most recent call last):
  File "/Users/branko/Desktop/barter_app/.venv/lib/python3.12/site-packages/django/core/handlers/base.py", line 197, in _get_response
    response = wrapped_callback(request, *callback_args, **callback_kwargs)
               ^^^^^^^^^^^^^^^^^^^^^^^^^^^^^^^^^^^^^^^^^^^^^^^^^^^^^^^^^^^^
  File "/Users/branko/Desktop/barter_app/.venv/lib/python3.12/site-packages/allauth/socialaccount/providers/oauth2/views.py", line 102, in view
    return self.dispatch(request, *args, **kwargs)
           ^^^^^^^^^^^^^^^^^^^^^^^^^^^^^^^^^^^^^^^
  File "/Users/branko/Desktop/barter_app/.venv/lib/python3.12/site-packages/allauth/socialaccount/providers/base/views.py", line 15, in dispatch
    provider = self.get_provider()
               ^^^^^^^^^^^^^^^^^^^
  File "/Users/branko/Desktop/barter_app/.venv/lib/python3.12/site-packages/allauth/socialaccount/providers/oauth2/views.py", line 111, in get_provider
    return self.adapter.get_provider()
           ^^^^^^^^^^^^^^^^^^^^^^^^^^^
  File "/Users/branko/Desktop/barter_app/.venv/lib/python3.12/site-packages/allauth/socialaccount/providers/oauth2/views.py", line 45, in get_provider
    return get_adapter(self.request).get_provider(
           ^^^^^^^^^^^^^^^^^^^^^^^^^^^^^^^^^^^^^^^
  File "/Users/branko/Desktop/barter_app/.venv/lib/python3.12/site-packages/allauth/socialaccount/adapter.py", line 212, in get_provider
    app = self.get_app(request, provider=provider, client_id=client_id)
          ^^^^^^^^^^^^^^^^^^^^^^^^^^^^^^^^^^^^^^^^^^^^^^^^^^^^^^^^^^^^^
  File "/Users/branko/Desktop/barter_app/.venv/lib/python3.12/site-packages/allauth/socialaccount/adapter.py", line 299, in get_app
    raise MultipleObjectsReturned
django.core.exceptions.MultipleObjectsReturned

[ERROR] 2026-01-27 02:12:23 - oauth_debug - 游댮 EXCEPTION in google callback!
[ERROR] 2026-01-27 02:12:23 - oauth_debug - 游댮 Exception type: MultipleObjectsReturned
[ERROR] 2026-01-27 02:12:23 - oauth_debug - 游댮 Exception message: 
[ERROR] 2026-01-27 02:12:23 - oauth_debug - 游댮 Traceback: Traceback (most recent call last):
  File "/Users/branko/Desktop/barter_app/.venv/lib/python3.12/site-packages/django/core/handlers/base.py", line 197, in _get_response
    response = wrapped_callback(request, *callback_args, **callback_kwargs)
               ^^^^^^^^^^^^^^^^^^^^^^^^^^^^^^^^^^^^^^^^^^^^^^^^^^^^^^^^^^^^
  File "/Users/branko/Desktop/barter_app/.venv/lib/python3.12/site-packages/allauth/socialaccount/providers/oauth2/views.py", line 102, in view
    return self.dispatch(request, *args, **kwargs)
           ^^^^^^^^^^^^^^^^^^^^^^^^^^^^^^^^^^^^^^^
  File "/Users/branko/Desktop/barter_app/.venv/lib/python3.12/site-packages/allauth/socialaccount/providers/base/views.py", line 15, in dispatch
    provider = self.get_provider()
               ^^^^^^^^^^^^^^^^^^^
  File "/Users/branko/Desktop/barter_app/.venv/lib/python3.12/site-packages/allauth/socialaccount/providers/oauth2/views.py", line 111, in get_provider
    return self.adapter.get_provider()
           ^^^^^^^^^^^^^^^^^^^^^^^^^^^
  File "/Users/branko/Desktop/barter_app/.venv/lib/python3.12/site-packages/allauth/socialaccount/providers/oauth2/views.py", line 45, in get_provider
    return get_adapter(self.request).get_provider(
           ^^^^^^^^^^^^^^^^^^^^^^^^^^^^^^^^^^^^^^^
  File "/Users/branko/Desktop/barter_app/.venv/lib/python3.12/site-packages/allauth/socialaccount/adapter.py", line 212, in get_provider
    app = self.get_app(request, provider=provider, client_id=client_id)
          ^^^^^^^^^^^^^^^^^^^^^^^^^^^^^^^^^^^^^^^^^^^^^^^^^^^^^^^^^^^^^
  File "/Users/branko/Desktop/barter_app/.venv/lib/python3.12/site-packages/allauth/socialaccount/adapter.py", line 299, in get_app
    raise MultipleObjectsReturned
django.core.exceptions.MultipleObjectsReturned

[ERROR] 2026-01-27 02:14:51 - oauth_debug - 游댮 EXCEPTION in google callback!
[ERROR] 2026-01-27 02:14:51 - oauth_debug - 游댮 Exception type: MultipleObjectsReturned
[ERROR] 2026-01-27 02:14:51 - oauth_debug - 游댮 Exception message: 
[ERROR] 2026-01-27 02:14:51 - oauth_debug - 游댮 Traceback: Traceback (most recent call last):
  File "/Users/branko/Desktop/barter_app/.venv/lib/python3.12/site-packages/django/core/handlers/base.py", line 197, in _get_response
    response = wrapped_callback(request, *callback_args, **callback_kwargs)
               ^^^^^^^^^^^^^^^^^^^^^^^^^^^^^^^^^^^^^^^^^^^^^^^^^^^^^^^^^^^^
  File "/Users/branko/Desktop/barter_app/.venv/lib/python3.12/site-packages/allauth/socialaccount/providers/oauth2/views.py", line 102, in view
    return self.dispatch(request, *args, **kwargs)
           ^^^^^^^^^^^^^^^^^^^^^^^^^^^^^^^^^^^^^^^
  File "/Users/branko/Desktop/barter_app/.venv/lib/python3.12/site-packages/allauth/socialaccount/providers/base/views.py", line 15, in dispatch
    provider = self.get_provider()
               ^^^^^^^^^^^^^^^^^^^
  File "/Users/branko/Desktop/barter_app/.venv/lib/python3.12/site-packages/allauth/socialaccount/providers/oauth2/views.py", line 111, in get_provider
    return self.adapter.get_provider()
           ^^^^^^^^^^^^^^^^^^^^^^^^^^^
  File "/Users/branko/Desktop/barter_app/.venv/lib/python3.12/site-packages/allauth/socialaccount/providers/oauth2/views.py", line 45, in get_provider
    return get_adapter(self.request).get_provider(
           ^^^^^^^^^^^^^^^^^^^^^^^^^^^^^^^^^^^^^^^
  File "/Users/branko/Desktop/barter_app/.venv/lib/python3.12/site-packages/allauth/socialaccount/adapter.py", line 212, in get_provider
    app = self.get_app(request, provider=provider, client_id=client_id)
          ^^^^^^^^^^^^^^^^^^^^^^^^^^^^^^^^^^^^^^^^^^^^^^^^^^^^^^^^^^^^^
  File "/Users/branko/Desktop/barter_app/.venv/lib/python3.12/site-packages/allauth/socialaccount/adapter.py", line 299, in get_app
    raise MultipleObjectsReturned
django.core.exceptions.MultipleObjectsReturned

[ERROR] 2026-01-27 02:17:26 - oauth_debug - 游댮 EXCEPTION in google callback!
[ERROR] 2026-01-27 02:17:26 - oauth_debug - 游댮 Exception type: MultipleObjectsReturned
[ERROR] 2026-01-27 02:17:26 - oauth_debug - 游댮 Exception message: 
[ERROR] 2026-01-27 02:17:26 - oauth_debug - 游댮 Traceback: Traceback (most recent call last):
  File "/Users/branko/Desktop/barter_app/.venv/lib/python3.12/site-packages/django/core/handlers/base.py", line 197, in _get_response
    response = wrapped_callback(request, *callback_args, **callback_kwargs)
               ^^^^^^^^^^^^^^^^^^^^^^^^^^^^^^^^^^^^^^^^^^^^^^^^^^^^^^^^^^^^
  File "/Users/branko/Desktop/barter_app/.venv/lib/python3.12/site-packages/allauth/socialaccount/providers/oauth2/views.py", line 102, in view
    return self.dispatch(request, *args, **kwargs)
           ^^^^^^^^^^^^^^^^^^^^^^^^^^^^^^^^^^^^^^^
  File "/Users/branko/Desktop/barter_app/.venv/lib/python3.12/site-packages/allauth/socialaccount/providers/base/views.py", line 15, in dispatch
    provider = self.get_provider()
               ^^^^^^^^^^^^^^^^^^^
  File "/Users/branko/Desktop/barter_app/.venv/lib/python3.12/site-packages/allauth/socialaccount/providers/oauth2/views.py", line 111, in get_provider
    return self.adapter.get_provider()
           ^^^^^^^^^^^^^^^^^^^^^^^^^^^
  File "/Users/branko/Desktop/barter_app/.venv/lib/python3.12/site-packages/allauth/socialaccount/providers/oauth2/views.py", line 45, in get_provider
    return get_adapter(self.request).get_provider(
           ^^^^^^^^^^^^^^^^^^^^^^^^^^^^^^^^^^^^^^^
  File "/Users/branko/Desktop/barter_app/.venv/lib/python3.12/site-packages/allauth/socialaccount/adapter.py", line 212, in get_provider
    app = self.get_app(request, provider=provider, client_id=client_id)
          ^^^^^^^^^^^^^^^^^^^^^^^^^^^^^^^^^^^^^^^^^^^^^^^^^^^^^^^^^^^^^
  File "/Users/branko/Desktop/barter_app/.venv/lib/python3.12/site-packages/allauth/socialaccount/adapter.py", line 299, in get_app
    raise MultipleObjectsReturned
django.core.exceptions.MultipleObjectsReturned

[ERROR] 2026-01-27 02:17:27 - oauth_debug - 游댮 EXCEPTION in google callback!
[ERROR] 2026-01-27 02:17:27 - oauth_debug - 游댮 Exception type: MultipleObjectsReturned
[ERROR] 2026-01-27 02:17:27 - oauth_debug - 游댮 Exception message: 
[ERROR] 2026-01-27 02:17:27 - oauth_debug - 游댮 Traceback: Traceback (most recent call last):
  File "/Users/branko/Desktop/barter_app/.venv/lib/python3.12/site-packages/django/core/handlers/base.py", line 197, in _get_response
    response = wrapped_callback(request, *callback_args, **callback_kwargs)
               ^^^^^^^^^^^^^^^^^^^^^^^^^^^^^^^^^^^^^^^^^^^^^^^^^^^^^^^^^^^^
  File "/Users/branko/Desktop/barter_app/.venv/lib/python3.12/site-packages/allauth/socialaccount/providers/oauth2/views.py", line 102, in view
    return self.dispatch(request, *args, **kwargs)
           ^^^^^^^^^^^^^^^^^^^^^^^^^^^^^^^^^^^^^^^
  File "/Users/branko/Desktop/barter_app/.venv/lib/python3.12/site-packages/allauth/socialaccount/providers/base/views.py", line 15, in dispatch
    provider = self.get_provider()
               ^^^^^^^^^^^^^^^^^^^
  File "/Users/branko/Desktop/barter_app/.venv/lib/python3.12/site-packages/allauth/socialaccount/providers/oauth2/views.py", line 111, in get_provider
    return self.adapter.get_provider()
           ^^^^^^^^^^^^^^^^^^^^^^^^^^^
  File "/Users/branko/Desktop/barter_app/.venv/lib/python3.12/site-packages/allauth/socialaccount/providers/oauth2/views.py", line 45, in get_provider
    return get_adapter(self.request).get_provider(
           ^^^^^^^^^^^^^^^^^^^^^^^^^^^^^^^^^^^^^^^
  File "/Users/branko/Desktop/barter_app/.venv/lib/python3.12/site-packages/allauth/socialaccount/adapter.py", line 212, in get_provider
    app = self.get_app(request, provider=provider, client_id=client_id)
          ^^^^^^^^^^^^^^^^^^^^^^^^^^^^^^^^^^^^^^^^^^^^^^^^^^^^^^^^^^^^^
  File "/Users/branko/Desktop/barter_app/.venv/lib/python3.12/site-packages/allauth/socialaccount/adapter.py", line 299, in get_app
    raise MultipleObjectsReturned
django.core.exceptions.MultipleObjectsReturned

[ERROR] 2026-01-27 02:17:28 - oauth_debug - 游댮 EXCEPTION in google callback!
[ERROR] 2026-01-27 02:17:28 - oauth_debug - 游댮 Exception type: MultipleObjectsReturned
[ERROR] 2026-01-27 02:17:28 - oauth_debug - 游댮 Exception message: 
[ERROR] 2026-01-27 02:17:28 - oauth_debug - 游댮 Traceback: Traceback (most recent call last):
  File "/Users/branko/Desktop/barter_app/.venv/lib/python3.12/site-packages/django/core/handlers/base.py", line 197, in _get_response
    response = wrapped_callback(request, *callback_args, **callback_kwargs)
               ^^^^^^^^^^^^^^^^^^^^^^^^^^^^^^^^^^^^^^^^^^^^^^^^^^^^^^^^^^^^
  File "/Users/branko/Desktop/barter_app/.venv/lib/python3.12/site-packages/allauth/socialaccount/providers/oauth2/views.py", line 102, in view
    return self.dispatch(request, *args, **kwargs)
           ^^^^^^^^^^^^^^^^^^^^^^^^^^^^^^^^^^^^^^^
  File "/Users/branko/Desktop/barter_app/.venv/lib/python3.12/site-packages/allauth/socialaccount/providers/base/views.py", line 15, in dispatch
    provider = self.get_provider()
               ^^^^^^^^^^^^^^^^^^^
  File "/Users/branko/Desktop/barter_app/.venv/lib/python3.12/site-packages/allauth/socialaccount/providers/oauth2/views.py", line 111, in get_provider
    return self.adapter.get_provider()
           ^^^^^^^^^^^^^^^^^^^^^^^^^^^
  File "/Users/branko/Desktop/barter_app/.venv/lib/python3.12/site-packages/allauth/socialaccount/providers/oauth2/views.py", line 45, in get_provider
    return get_adapter(self.request).get_provider(
           ^^^^^^^^^^^^^^^^^^^^^^^^^^^^^^^^^^^^^^^
  File "/Users/branko/Desktop/barter_app/.venv/lib/python3.12/site-packages/allauth/socialaccount/adapter.py", line 212, in get_provider
    app = self.get_app(request, provider=provider, client_id=client_id)
          ^^^^^^^^^^^^^^^^^^^^^^^^^^^^^^^^^^^^^^^^^^^^^^^^^^^^^^^^^^^^^
  File "/Users/branko/Desktop/barter_app/.venv/lib/python3.12/site-packages/allauth/socialaccount/adapter.py", line 299, in get_app
    raise MultipleObjectsReturned
django.core.exceptions.MultipleObjectsReturned

[ERROR] 2026-01-27 09:45:38 - oauth_debug - 游댮 EXCEPTION in google callback!
[ERROR] 2026-01-27 09:45:38 - oauth_debug - 游댮 Exception type: DoesNotExist
[ERROR] 2026-01-27 09:45:38 - oauth_debug - 游댮 Exception message: Site matching query does not exist.
[ERROR] 2026-01-27 09:45:38 - oauth_debug - 游댮 Traceback: Traceback (most recent call last):
  File "/Users/branko/Desktop/barter_app/.venv/lib/python3.12/site-packages/django/core/handlers/base.py", line 197, in _get_response
    response = wrapped_callback(request, *callback_args, **callback_kwargs)
               ^^^^^^^^^^^^^^^^^^^^^^^^^^^^^^^^^^^^^^^^^^^^^^^^^^^^^^^^^^^^
  File "/Users/branko/Desktop/barter_app/.venv/lib/python3.12/site-packages/allauth/socialaccount/providers/oauth2/views.py", line 102, in view
    return self.dispatch(request, *args, **kwargs)
           ^^^^^^^^^^^^^^^^^^^^^^^^^^^^^^^^^^^^^^^
  File "/Users/branko/Desktop/barter_app/.venv/lib/python3.12/site-packages/allauth/socialaccount/providers/base/views.py", line 15, in dispatch
    provider = self.get_provider()
               ^^^^^^^^^^^^^^^^^^^
  File "/Users/branko/Desktop/barter_app/.venv/lib/python3.12/site-packages/allauth/socialaccount/providers/oauth2/views.py", line 111, in get_provider
    return self.adapter.get_provider()
           ^^^^^^^^^^^^^^^^^^^^^^^^^^^
  File "/Users/branko/Desktop/barter_app/.venv/lib/python3.12/site-packages/allauth/socialaccount/providers/oauth2/views.py", line 45, in get_provider
    return get_adapter(self.request).get_provider(
           ^^^^^^^^^^^^^^^^^^^^^^^^^^^^^^^^^^^^^^^
  File "/Users/branko/Desktop/barter_app/.venv/lib/python3.12/site-packages/allauth/socialaccount/adapter.py", line 212, in get_provider
    app = self.get_app(request, provider=provider, client_id=client_id)
          ^^^^^^^^^^^^^^^^^^^^^^^^^^^^^^^^^^^^^^^^^^^^^^^^^^^^^^^^^^^^^
  File "/Users/branko/Desktop/barter_app/.venv/lib/python3.12/site-packages/allauth/socialaccount/adapter.py", line 295, in get_app
    apps = self.list_apps(request, provider=provider, client_id=client_id)
           ^^^^^^^^^^^^^^^^^^^^^^^^^^^^^^^^^^^^^^^^^^^^^^^^^^^^^^^^^^^^^^^
  File "/Users/branko/Desktop/barter_app/.venv/lib/python3.12/site-packages/allauth/socialaccount/adapter.py", line 240, in list_apps
    db_apps = SocialApp.objects.on_site(request)
              ^^^^^^^^^^^^^^^^^^^^^^^^^^^^^^^^^^
  File "/Users/branko/Desktop/barter_app/.venv/lib/python3.12/site-packages/allauth/socialaccount/models.py", line 35, in on_site
    site = get_current_site(request)
           ^^^^^^^^^^^^^^^^^^^^^^^^^
  File "/Users/branko/Desktop/barter_app/.venv/lib/python3.12/site-packages/django/contrib/sites/shortcuts.py", line 16, in get_current_site
    return Site.objects.get_current(request)
           ^^^^^^^^^^^^^^^^^^^^^^^^^^^^^^^^^
  File "/Users/branko/Desktop/barter_app/.venv/lib/python3.12/site-packages/django/contrib/sites/models.py", line 59, in get_current
    return self._get_site_by_id(site_id)
           ^^^^^^^^^^^^^^^^^^^^^^^^^^^^^
  File "/Users/branko/Desktop/barter_app/.venv/lib/python3.12/site-packages/django/contrib/sites/models.py", line 30, in _get_site_by_id
    site = self.get(pk=site_id)
           ^^^^^^^^^^^^^^^^^^^^
  File "/Users/branko/Desktop/barter_app/.venv/lib/python3.12/site-packages/django/db/models/manager.py", line 87, in manager_method
    return getattr(self.get_queryset(), name)(*args, **kwargs)
           ^^^^^^^^^^^^^^^^^^^^^^^^^^^^^^^^^^^^^^^^^^^^^^^^^^^
  File "/Users/branko/Desktop/barter_app/.venv/lib/python3.12/site-packages/django/db/models/query.py", line 649, in get
    raise self.model.DoesNotExist(
django.contrib.sites.models.Site.DoesNotExist: Site matching query does not exist.

[ERROR] 2026-01-27 09:48:48 - oauth_debug - 游댮 EXCEPTION in google callback!
[ERROR] 2026-01-27 09:48:48 - oauth_debug - 游댮 Exception type: MultipleObjectsReturned
[ERROR] 2026-01-27 09:48:48 - oauth_debug - 游댮 Exception message: 
[ERROR] 2026-01-27 09:48:48 - oauth_debug - 游댮 Traceback: Traceback (most recent call last):
  File "/Users/branko/Desktop/barter_app/.venv/lib/python3.12/site-packages/django/core/handlers/base.py", line 197, in _get_response
    response = wrapped_callback(request, *callback_args, **callback_kwargs)
               ^^^^^^^^^^^^^^^^^^^^^^^^^^^^^^^^^^^^^^^^^^^^^^^^^^^^^^^^^^^^
  File "/Users/branko/Desktop/barter_app/.venv/lib/python3.12/site-packages/allauth/socialaccount/providers/oauth2/views.py", line 102, in view
    return self.dispatch(request, *args, **kwargs)
           ^^^^^^^^^^^^^^^^^^^^^^^^^^^^^^^^^^^^^^^
  File "/Users/branko/Desktop/barter_app/.venv/lib/python3.12/site-packages/allauth/socialaccount/providers/base/views.py", line 15, in dispatch
    provider = self.get_provider()
               ^^^^^^^^^^^^^^^^^^^
  File "/Users/branko/Desktop/barter_app/.venv/lib/python3.12/site-packages/allauth/socialaccount/providers/oauth2/views.py", line 111, in get_provider
    return self.adapter.get_provider()
           ^^^^^^^^^^^^^^^^^^^^^^^^^^^
  File "/Users/branko/Desktop/barter_app/.venv/lib/python3.12/site-packages/allauth/socialaccount/providers/oauth2/views.py", line 45, in get_provider
    return get_adapter(self.request).get_provider(
           ^^^^^^^^^^^^^^^^^^^^^^^^^^^^^^^^^^^^^^^
  File "/Users/branko/Desktop/barter_app/.venv/lib/python3.12/site-packages/allauth/socialaccount/adapter.py", line 212, in get_provider
    app = self.get_app(request, provider=provider, client_id=client_id)
          ^^^^^^^^^^^^^^^^^^^^^^^^^^^^^^^^^^^^^^^^^^^^^^^^^^^^^^^^^^^^^
  File "/Users/branko/Desktop/barter_app/.venv/lib/python3.12/site-packages/allauth/socialaccount/adapter.py", line 299, in get_app
    raise MultipleObjectsReturned
django.core.exceptions.MultipleObjectsReturned

[DEBUG] 2026-01-27 09:51:47 - oauth_debug - 游댯 CALLBACK TRIGGERED
[DEBUG] 2026-01-27 09:51:47 - oauth_debug - 游댯 Code from Google: 4/0ASc3gC0kfnXl2zxz89sHFSZNg5fWivjLeJISlvW9fzIov_h7Rfz8iv3yVKpf7QKTgEOnZA
[DEBUG] 2026-01-27 09:51:47 - oauth_debug - 游댯 User: branko
[DEBUG] 2026-01-27 09:51:47 - oauth_debug - 游댯 Session: qj1mjvxau59fxapr6lqwt83ko80s0phq
[DEBUG] 2026-01-27 09:51:47 - oauth_debug - 游릭 Callback Response: 401
[DEBUG] 2026-01-27 09:54:01 - oauth_debug - 游댯 CALLBACK TRIGGERED
[DEBUG] 2026-01-27 09:54:01 - oauth_debug - 游댯 Code from Google: 4/0ASc3gC0kfnXl2zxz89sHFSZNg5fWivjLeJISlvW9fzIov_h7Rfz8iv3yVKpf7QKTgEOnZA
[DEBUG] 2026-01-27 09:54:01 - oauth_debug - 游댯 User: branko
[DEBUG] 2026-01-27 09:54:01 - oauth_debug - 游댯 Session: qj1mjvxau59fxapr6lqwt83ko80s0phq
[DEBUG] 2026-01-27 09:54:01 - oauth_debug - 游릭 Callback Response: 401
[DEBUG] 2026-01-27 09:54:02 - oauth_debug - 游댯 CALLBACK TRIGGERED
[DEBUG] 2026-01-27 09:54:02 - oauth_debug - 游댯 Code from Google: 4/0ASc3gC0kfnXl2zxz89sHFSZNg5fWivjLeJISlvW9fzIov_h7Rfz8iv3yVKpf7QKTgEOnZA
[DEBUG] 2026-01-27 09:54:02 - oauth_debug - 游댯 User: branko
[DEBUG] 2026-01-27 09:54:02 - oauth_debug - 游댯 Session: qj1mjvxau59fxapr6lqwt83ko80s0phq
[DEBUG] 2026-01-27 09:54:02 - oauth_debug - 游릭 Callback Response: 401
[DEBUG] 2026-01-27 09:54:23 - oauth_debug - 游댯 CALLBACK TRIGGERED
[DEBUG] 2026-01-27 09:54:23 - oauth_debug - 游댯 Code from Google: 4/0ASc3gC0PdOr6v1Ihf23qyC51i2ZtQCfuID8uB4WsN3Iwus9qf2kwmG-h9PPcDIkiqMmoSA
[DEBUG] 2026-01-27 09:54:23 - oauth_debug - 游댯 User: AnonymousUser
[DEBUG] 2026-01-27 09:54:23 - oauth_debug - 游댯 Session: fzrf0rjz47urgd23km5vcq1wn720nq6j
[DEBUG] 2026-01-27 09:54:23 - urllib3.connectionpool - Starting new HTTPS connection (1): oauth2.googleapis.com:443
[DEBUG] 2026-01-27 09:54:23 - urllib3.connectionpool - https://oauth2.googleapis.com:443 "POST /token HTTP/1.1" 200 None
[DEBUG] 2026-01-27 09:54:23 - oauth_debug - 游릭 Callback Response: 302
[DEBUG] 2026-01-27 09:55:18 - oauth_debug - 游댯 CALLBACK TRIGGERED
[DEBUG] 2026-01-27 09:55:18 - oauth_debug - 游댯 Code from Google: 4/0ASc3gC0Ru4uf6bu0tYIWY2qMMUeGD86cuw4kF8zMhmr_rKENYIhwdQ9-PjlhBt6XUE-cnQ
[DEBUG] 2026-01-27 09:55:18 - oauth_debug - 游댯 User: AnonymousUser
[DEBUG] 2026-01-27 09:55:18 - oauth_debug - 游댯 Session: gs6n4awqvwcgg8f9a8zhzgq33otej3n3
[DEBUG] 2026-01-27 09:55:18 - urllib3.connectionpool - Starting new HTTPS connection (1): oauth2.googleapis.com:443
[DEBUG] 2026-01-27 09:55:18 - urllib3.connectionpool - https://oauth2.googleapis.com:443 "POST /token HTTP/1.1" 200 None
[DEBUG] 2026-01-27 09:55:18 - oauth_debug - 游릭 Callback Response: 302
[DEBUG] 2026-01-27 09:55:35 - oauth_debug - 游댯 CALLBACK TRIGGERED
[DEBUG] 2026-01-27 09:55:35 - oauth_debug - 游댯 Code from Google: 4/0ASc3gC0DSYZ4O1SrZCNTZnpro8BCfTia4YfEk_LmrgXlKHa3COQP1EBpXN9abos0c-mPVA
[DEBUG] 2026-01-27 09:55:35 - oauth_debug - 游댯 User: AnonymousUser
[DEBUG] 2026-01-27 09:55:35 - oauth_debug - 游댯 Session: twc84gxlvqu1oufshgjyql3dyiekhddk
[DEBUG] 2026-01-27 09:55:35 - urllib3.connectionpool - Starting new HTTPS connection (1): oauth2.googleapis.com:443
[DEBUG] 2026-01-27 09:55:35 - urllib3.connectionpool - https://oauth2.googleapis.com:443 "POST /token HTTP/1.1" 200 None
[DEBUG] 2026-01-27 09:55:35 - oauth_debug - 游릭 Callback Response: 302
[DEBUG] 2026-01-27 09:56:31 - oauth_debug - 游댯 CALLBACK TRIGGERED
[DEBUG] 2026-01-27 09:56:31 - oauth_debug - 游댯 Code from Google: 4/0ASc3gC0w08Z5A0woS66_PmnmnnX0VFbKY11h-OaNau-G-_yyqsRzj-_5Vssw5nP5QjG3RA
[DEBUG] 2026-01-27 09:56:31 - oauth_debug - 游댯 User: AnonymousUser
[DEBUG] 2026-01-27 09:56:31 - oauth_debug - 游댯 Session: 78epw14usnjtkloj3nlnw3nivzqvgqim
[DEBUG] 2026-01-27 09:56:31 - urllib3.connectionpool - Starting new HTTPS connection (1): oauth2.googleapis.com:443
[DEBUG] 2026-01-27 09:56:31 - urllib3.connectionpool - https://oauth2.googleapis.com:443 "POST /token HTTP/1.1" 200 None
[DEBUG] 2026-01-27 09:56:32 - oauth_debug - 游릭 Callback Response: 302
[DEBUG] 2026-01-27 09:58:39 - oauth_debug - 游댯 CALLBACK TRIGGERED
[DEBUG] 2026-01-27 09:58:39 - oauth_debug - 游댯 Code from Google: 4/0ASc3gC2P2uXcPqrA1R9Hb30MEfguZfOu6Dn4B3dilYbwAd0op7X1uQVOswt23mzOtbqExA
[DEBUG] 2026-01-27 09:58:39 - oauth_debug - 游댯 User: AnonymousUser
[DEBUG] 2026-01-27 09:58:39 - oauth_debug - 游댯 Session: hh5s2qt433gaxxlv5umfnm5umt411nof
[DEBUG] 2026-01-27 09:58:39 - urllib3.connectionpool - Starting new HTTPS connection (1): oauth2.googleapis.com:443
[DEBUG] 2026-01-27 09:58:39 - urllib3.connectionpool - https://oauth2.googleapis.com:443 "POST /token HTTP/1.1" 200 None
[DEBUG] 2026-01-27 09:58:39 - oauth_debug - 游릭 Callback Response: 302
