[INFO] 2026-01-27 01:14:22 - django.utils.autoreload - Watching for file changes with StatReloader
System check identified some issues:

WARNINGS:
?: (account.W001) ACCOUNT_LOGIN_METHODS conflicts with ACCOUNT_SIGNUP_FIELDS

System check identified 1 issue (0 silenced).
[DEBUG] 2026-01-27 01:14:28 - oauth_debug - 游댯 CALLBACK TRIGGERED
[DEBUG] 2026-01-27 01:14:28 - oauth_debug - 游댯 Code from Google: 4/0ASc3gC0-H0aJn9bSbBCMi6q-fYKd5eJWmLFCt7uZDNgOLguEZkXvnn7Y_4dNkmr8Qq2ucw
[DEBUG] 2026-01-27 01:14:28 - oauth_debug - 游댯 User: branko
[DEBUG] 2026-01-27 01:14:28 - oauth_debug - 游댯 Session: gwdy500by0227nj2e7ajlb20qogl1e69
[DEBUG] 2026-01-27 01:14:28 - oauth_debug - 游릭 Callback Response: 401
[WARNING] 2026-01-27 01:14:28 - django.request - Unauthorized: /accounts/google/login/callback/
[WARNING] 2026-01-27 01:14:28 - django.server - "GET /accounts/google/login/callback/?code=4%2F0ASc3gC0-H0aJn9bSbBCMi6q-fYKd5eJWmLFCt7uZDNgOLguEZkXvnn7Y_4dNkmr8Qq2ucw&scope=email+profile+https%3A%2F%2Fwww.googleapis.com%2Fauth%2Fuserinfo.profile+https%3A%2F%2Fwww.googleapis.com%2Fauth%2Fuserinfo.email+openid&authuser=0&prompt=consent HTTP/1.1" 401 1875
[INFO] 2026-01-27 01:17:19 - django.utils.autoreload - /Users/branko/Desktop/barter_app/core/views.py changed, reloading.
Performing system checks...

January 27, 2026 - 01:14:22
Django version 5.1, using settings 'barter.settings'
Starting development server at http://127.0.0.1:8000/
Quit the server with CONTROL-C.

[INFO] 2026-01-27 01:17:20 - django.utils.autoreload - Watching for file changes with StatReloader
System check identified some issues:

WARNINGS:
?: (account.W001) ACCOUNT_LOGIN_METHODS conflicts with ACCOUNT_SIGNUP_FIELDS

System check identified 1 issue (0 silenced).
[DEBUG] 2026-01-27 01:17:26 - oauth_debug - 游댯 CALLBACK TRIGGERED
[DEBUG] 2026-01-27 01:17:26 - oauth_debug - 游댯 Code from Google: 4/0ASc3gC0-H0aJn9bSbBCMi6q-fYKd5eJWmLFCt7uZDNgOLguEZkXvnn7Y_4dNkmr8Qq2ucw
[DEBUG] 2026-01-27 01:17:26 - oauth_debug - 游댯 User: branko
[DEBUG] 2026-01-27 01:17:26 - oauth_debug - 游댯 Session: gwdy500by0227nj2e7ajlb20qogl1e69
[DEBUG] 2026-01-27 01:17:26 - allauth - 游댯 ALLAUTH CALLBACK START
[ERROR] 2026-01-27 01:17:26 - oauth_debug - 游댮 EXCEPTION in google callback!
[ERROR] 2026-01-27 01:17:26 - oauth_debug - 游댮 Exception type: AttributeError
[ERROR] 2026-01-27 01:17:26 - oauth_debug - 游댮 Exception message: 'OAuth2CallbackView' object has no attribute 'provider_id'
[ERROR] 2026-01-27 01:17:26 - oauth_debug - 游댮 Traceback: Traceback (most recent call last):
  File "/Users/branko/Desktop/barter_app/.venv/lib/python3.12/site-packages/django/core/handlers/base.py", line 197, in _get_response
    response = wrapped_callback(request, *callback_args, **callback_kwargs)
               ^^^^^^^^^^^^^^^^^^^^^^^^^^^^^^^^^^^^^^^^^^^^^^^^^^^^^^^^^^^^
  File "/Users/branko/Desktop/barter_app/.venv/lib/python3.12/site-packages/allauth/socialaccount/providers/oauth2/views.py", line 102, in view
    return self.dispatch(request, *args, **kwargs)
           ^^^^^^^^^^^^^^^^^^^^^^^^^^^^^^^^^^^^^^^
  File "/Users/branko/Desktop/barter_app/core/views.py", line 1157, in debug_callback
    logger.debug(f"游댯 Provider: {self.provider_id}")
                                ^^^^^^^^^^^^^^^^
AttributeError: 'OAuth2CallbackView' object has no attribute 'provider_id'

[ERROR] 2026-01-27 01:17:26 - django.request - Internal Server Error: /accounts/google/login/callback/
Traceback (most recent call last):
  File "/Users/branko/Desktop/barter_app/.venv/lib/python3.12/site-packages/django/core/handlers/exception.py", line 55, in inner
    response = get_response(request)
               ^^^^^^^^^^^^^^^^^^^^^
  File "/Users/branko/Desktop/barter_app/.venv/lib/python3.12/site-packages/django/core/handlers/base.py", line 197, in _get_response
    response = wrapped_callback(request, *callback_args, **callback_kwargs)
               ^^^^^^^^^^^^^^^^^^^^^^^^^^^^^^^^^^^^^^^^^^^^^^^^^^^^^^^^^^^^
  File "/Users/branko/Desktop/barter_app/.venv/lib/python3.12/site-packages/allauth/socialaccount/providers/oauth2/views.py", line 102, in view
    return self.dispatch(request, *args, **kwargs)
           ^^^^^^^^^^^^^^^^^^^^^^^^^^^^^^^^^^^^^^^
  File "/Users/branko/Desktop/barter_app/core/views.py", line 1157, in debug_callback
    logger.debug(f"游댯 Provider: {self.provider_id}")
                                ^^^^^^^^^^^^^^^^
AttributeError: 'OAuth2CallbackView' object has no attribute 'provider_id'
[DEBUG] 2026-01-27 01:17:26 - oauth_debug - 游릭 Callback Response: 500
[ERROR] 2026-01-27 01:17:26 - django.server - "GET /accounts/google/login/callback/?code=4%2F0ASc3gC0-H0aJn9bSbBCMi6q-fYKd5eJWmLFCt7uZDNgOLguEZkXvnn7Y_4dNkmr8Qq2ucw&scope=email+profile+https%3A%2F%2Fwww.googleapis.com%2Fauth%2Fuserinfo.profile+https%3A%2F%2Fwww.googleapis.com%2Fauth%2Fuserinfo.email+openid&authuser=0&prompt=consent HTTP/1.1" 500 74722
[INFO] 2026-01-27 01:20:02 - django.utils.autoreload - /Users/branko/Desktop/barter_app/barter_app/urls.py changed, reloading.
Performing system checks...

January 27, 2026 - 01:17:21
Django version 5.1, using settings 'barter.settings'
Starting development server at http://127.0.0.1:8000/
Quit the server with CONTROL-C.

[INFO] 2026-01-27 01:20:04 - django.utils.autoreload - Watching for file changes with StatReloader
System check identified some issues:

WARNINGS:
?: (account.W001) ACCOUNT_LOGIN_METHODS conflicts with ACCOUNT_SIGNUP_FIELDS

System check identified 1 issue (0 silenced).
[DEBUG] 2026-01-27 01:20:21 - oauth_debug - 游댯 CALLBACK TRIGGERED
[DEBUG] 2026-01-27 01:20:21 - oauth_debug - 游댯 Code from Google: 4/0ASc3gC0-H0aJn9bSbBCMi6q-fYKd5eJWmLFCt7uZDNgOLguEZkXvnn7Y_4dNkmr8Qq2ucw
[DEBUG] 2026-01-27 01:20:21 - oauth_debug - 游댯 User: branko
[DEBUG] 2026-01-27 01:20:21 - oauth_debug - 游댯 Session: gwdy500by0227nj2e7ajlb20qogl1e69
[DEBUG] 2026-01-27 01:20:21 - allauth - 游댯 ALLAUTH CALLBACK START
[ERROR] 2026-01-27 01:20:21 - oauth_debug - 游댮 EXCEPTION in google callback!
[ERROR] 2026-01-27 01:20:21 - oauth_debug - 游댮 Exception type: AttributeError
[ERROR] 2026-01-27 01:20:21 - oauth_debug - 游댮 Exception message: 'OAuth2CallbackView' object has no attribute 'provider_id'
[ERROR] 2026-01-27 01:20:21 - oauth_debug - 游댮 Traceback: Traceback (most recent call last):
  File "/Users/branko/Desktop/barter_app/.venv/lib/python3.12/site-packages/django/core/handlers/base.py", line 197, in _get_response
    response = wrapped_callback(request, *callback_args, **callback_kwargs)
               ^^^^^^^^^^^^^^^^^^^^^^^^^^^^^^^^^^^^^^^^^^^^^^^^^^^^^^^^^^^^
  File "/Users/branko/Desktop/barter_app/.venv/lib/python3.12/site-packages/allauth/socialaccount/providers/oauth2/views.py", line 102, in view
    return self.dispatch(request, *args, **kwargs)
           ^^^^^^^^^^^^^^^^^^^^^^^^^^^^^^^^^^^^^^^
  File "/Users/branko/Desktop/barter_app/core/views.py", line 1157, in debug_callback
    logger.debug(f"游댯 Provider: {self.provider_id}")
                                ^^^^^^^^^^^^^^^^
AttributeError: 'OAuth2CallbackView' object has no attribute 'provider_id'

[ERROR] 2026-01-27 01:20:21 - django.request - Internal Server Error: /accounts/google/login/callback/
Traceback (most recent call last):
  File "/Users/branko/Desktop/barter_app/.venv/lib/python3.12/site-packages/django/core/handlers/exception.py", line 55, in inner
    response = get_response(request)
               ^^^^^^^^^^^^^^^^^^^^^
  File "/Users/branko/Desktop/barter_app/.venv/lib/python3.12/site-packages/django/core/handlers/base.py", line 197, in _get_response
    response = wrapped_callback(request, *callback_args, **callback_kwargs)
               ^^^^^^^^^^^^^^^^^^^^^^^^^^^^^^^^^^^^^^^^^^^^^^^^^^^^^^^^^^^^
  File "/Users/branko/Desktop/barter_app/.venv/lib/python3.12/site-packages/allauth/socialaccount/providers/oauth2/views.py", line 102, in view
    return self.dispatch(request, *args, **kwargs)
           ^^^^^^^^^^^^^^^^^^^^^^^^^^^^^^^^^^^^^^^
  File "/Users/branko/Desktop/barter_app/core/views.py", line 1157, in debug_callback
    logger.debug(f"游댯 Provider: {self.provider_id}")
                                ^^^^^^^^^^^^^^^^
AttributeError: 'OAuth2CallbackView' object has no attribute 'provider_id'
[DEBUG] 2026-01-27 01:20:21 - oauth_debug - 游릭 Callback Response: 500
[ERROR] 2026-01-27 01:20:21 - django.server - "GET /accounts/google/login/callback/?code=4%2F0ASc3gC0-H0aJn9bSbBCMi6q-fYKd5eJWmLFCt7uZDNgOLguEZkXvnn7Y_4dNkmr8Qq2ucw&scope=email+profile+https%3A%2F%2Fwww.googleapis.com%2Fauth%2Fuserinfo.profile+https%3A%2F%2Fwww.googleapis.com%2Fauth%2Fuserinfo.email+openid&authuser=0&prompt=consent HTTP/1.1" 500 74722
[DEBUG] 2026-01-27 01:20:22 - oauth_debug - 游댯 CALLBACK TRIGGERED
[DEBUG] 2026-01-27 01:20:22 - oauth_debug - 游댯 Code from Google: 4/0ASc3gC0-H0aJn9bSbBCMi6q-fYKd5eJWmLFCt7uZDNgOLguEZkXvnn7Y_4dNkmr8Qq2ucw
[DEBUG] 2026-01-27 01:20:22 - oauth_debug - 游댯 User: branko
[DEBUG] 2026-01-27 01:20:22 - oauth_debug - 游댯 Session: gwdy500by0227nj2e7ajlb20qogl1e69
[DEBUG] 2026-01-27 01:20:22 - allauth - 游댯 ALLAUTH CALLBACK START
[ERROR] 2026-01-27 01:20:22 - oauth_debug - 游댮 EXCEPTION in google callback!
[ERROR] 2026-01-27 01:20:22 - oauth_debug - 游댮 Exception type: AttributeError
[ERROR] 2026-01-27 01:20:22 - oauth_debug - 游댮 Exception message: 'OAuth2CallbackView' object has no attribute 'provider_id'
[ERROR] 2026-01-27 01:20:22 - oauth_debug - 游댮 Traceback: Traceback (most recent call last):
  File "/Users/branko/Desktop/barter_app/.venv/lib/python3.12/site-packages/django/core/handlers/base.py", line 197, in _get_response
    response = wrapped_callback(request, *callback_args, **callback_kwargs)
               ^^^^^^^^^^^^^^^^^^^^^^^^^^^^^^^^^^^^^^^^^^^^^^^^^^^^^^^^^^^^
  File "/Users/branko/Desktop/barter_app/.venv/lib/python3.12/site-packages/allauth/socialaccount/providers/oauth2/views.py", line 102, in view
    return self.dispatch(request, *args, **kwargs)
           ^^^^^^^^^^^^^^^^^^^^^^^^^^^^^^^^^^^^^^^
  File "/Users/branko/Desktop/barter_app/core/views.py", line 1157, in debug_callback
    logger.debug(f"游댯 Provider: {self.provider_id}")
                                ^^^^^^^^^^^^^^^^
AttributeError: 'OAuth2CallbackView' object has no attribute 'provider_id'

[ERROR] 2026-01-27 01:20:23 - django.request - Internal Server Error: /accounts/google/login/callback/
Traceback (most recent call last):
  File "/Users/branko/Desktop/barter_app/.venv/lib/python3.12/site-packages/django/core/handlers/exception.py", line 55, in inner
    response = get_response(request)
               ^^^^^^^^^^^^^^^^^^^^^
  File "/Users/branko/Desktop/barter_app/.venv/lib/python3.12/site-packages/django/core/handlers/base.py", line 197, in _get_response
    response = wrapped_callback(request, *callback_args, **callback_kwargs)
               ^^^^^^^^^^^^^^^^^^^^^^^^^^^^^^^^^^^^^^^^^^^^^^^^^^^^^^^^^^^^
  File "/Users/branko/Desktop/barter_app/.venv/lib/python3.12/site-packages/allauth/socialaccount/providers/oauth2/views.py", line 102, in view
    return self.dispatch(request, *args, **kwargs)
           ^^^^^^^^^^^^^^^^^^^^^^^^^^^^^^^^^^^^^^^
  File "/Users/branko/Desktop/barter_app/core/views.py", line 1157, in debug_callback
    logger.debug(f"游댯 Provider: {self.provider_id}")
                                ^^^^^^^^^^^^^^^^
AttributeError: 'OAuth2CallbackView' object has no attribute 'provider_id'
[DEBUG] 2026-01-27 01:20:23 - oauth_debug - 游릭 Callback Response: 500
[ERROR] 2026-01-27 01:20:23 - django.server - "GET /accounts/google/login/callback/?code=4%2F0ASc3gC0-H0aJn9bSbBCMi6q-fYKd5eJWmLFCt7uZDNgOLguEZkXvnn7Y_4dNkmr8Qq2ucw&scope=email+profile+https%3A%2F%2Fwww.googleapis.com%2Fauth%2Fuserinfo.profile+https%3A%2F%2Fwww.googleapis.com%2Fauth%2Fuserinfo.email+openid&authuser=0&prompt=consent HTTP/1.1" 500 74722
[INFO] 2026-01-27 01:21:50 - django.utils.autoreload - /Users/branko/Desktop/barter_app/core/views.py changed, reloading.
Performing system checks...

January 27, 2026 - 01:20:04
Django version 5.1, using settings 'barter.settings'
Starting development server at http://127.0.0.1:8000/
Quit the server with CONTROL-C.

[INFO] 2026-01-27 01:21:53 - django.utils.autoreload - Watching for file changes with StatReloader
System check identified some issues:

WARNINGS:
?: (account.W001) ACCOUNT_LOGIN_METHODS conflicts with ACCOUNT_SIGNUP_FIELDS

System check identified 1 issue (0 silenced).
